c:\c++_2017\chapter5_2017\chapter5_2017\debug\vc142.pdb
c:\c++_2017\chapter5_2017\chapter5_2017\debug\vc142.idb
c:\c++_2017\chapter5_2017\chapter5_2017\debug\vertexarray.obj
c:\c++_2017\chapter5_2017\chapter5_2017\debug\spritecomponent.obj
c:\c++_2017\chapter5_2017\chapter5_2017\debug\ship.obj
c:\c++_2017\chapter5_2017\chapter5_2017\debug\shader.obj
c:\c++_2017\chapter5_2017\chapter5_2017\debug\random.obj
c:\c++_2017\chapter5_2017\chapter5_2017\debug\movecomponent.obj
c:\c++_2017\chapter5_2017\chapter5_2017\debug\math.obj
c:\c++_2017\chapter5_2017\chapter5_2017\debug\main.obj
c:\c++_2017\chapter5_2017\chapter5_2017\debug\inputcomponent.obj
c:\c++_2017\chapter5_2017\chapter5_2017\debug\game.obj
c:\c++_2017\chapter5_2017\chapter5_2017\debug\component.obj
c:\c++_2017\chapter5_2017\chapter5_2017\debug\circlecomponent.obj
c:\c++_2017\chapter5_2017\chapter5_2017\debug\asteroid.obj
c:\c++_2017\chapter5_2017\chapter5_2017\debug\actor.obj
c:\c++_2017\chapter5_2017\debug\chapter5_2017.exe
c:\c++_2017\chapter5_2017\chapter5_2017\debug\chapter5_2017.ilk
c:\c++_2017\chapter5_2017\debug\chapter5_2017.pdb
c:\c++_2017\chapter5_2017\chapter5_2017\debug\chapter5_2017.tlog\cl.command.1.tlog
c:\c++_2017\chapter5_2017\chapter5_2017\debug\chapter5_2017.tlog\cl.read.1.tlog
c:\c++_2017\chapter5_2017\chapter5_2017\debug\chapter5_2017.tlog\cl.write.1.tlog
c:\c++_2017\chapter5_2017\chapter5_2017\debug\chapter5_2017.tlog\link.command.1.tlog
c:\c++_2017\chapter5_2017\chapter5_2017\debug\chapter5_2017.tlog\link.read.1.tlog
c:\c++_2017\chapter5_2017\chapter5_2017\debug\chapter5_2017.tlog\link.write.1.tlog
