  Game.cpp
C:\Programming\C++_2017\Chapter5_2017 - コピー\Chapter5_2017\Math.h(1,1): warning C4828: オフセット 0x34e から始まる、現在のソースの文字セット (コードページ 65001) では使用できない文字がファイルに含まれています。
C:\Programming\C++_2017\Chapter5_2017 - コピー\Chapter5_2017\Math.h(1,1): warning C4828: オフセット 0x34f から始まる、現在のソースの文字セット (コードページ 65001) では使用できない文字がファイルに含まれています。
C:\Programming\C++_2017\Chapter5_2017 - コピー\Chapter5_2017\Math.h(1,1): warning C4828: オフセット 0x353 から始まる、現在のソースの文字セット (コードページ 65001) では使用できない文字がファイルに含まれています。
C:\Programming\C++_2017\Chapter5_2017 - コピー\Chapter5_2017\Math.h(1,1): warning C4828: オフセット 0x354 から始まる、現在のソースの文字セット (コードページ 65001) では使用できない文字がファイルに含まれています。
C:\Programming\C++_2017\Chapter5_2017 - コピー\Chapter5_2017\Math.h(1,1): warning C4828: オフセット 0x358 から始まる、現在のソースの文字セット (コードページ 65001) では使用できない文字がファイルに含まれています。
C:\Programming\C++_2017\Chapter5_2017 - コピー\Chapter5_2017\Math.h(1,1): warning C4828: オフセット 0x359 から始まる、現在のソースの文字セット (コードページ 65001) では使用できない文字がファイルに含まれています。
C:\Programming\C++_2017\Chapter5_2017 - コピー\Chapter5_2017\Math.h(1,1): warning C4828: オフセット 0x35a から始まる、現在のソースの文字セット (コードページ 65001) では使用できない文字がファイルに含まれています。
C:\Programming\C++_2017\Chapter5_2017 - コピー\Chapter5_2017\Math.h(1,1): warning C4828: オフセット 0x35d から始まる、現在のソースの文字セット (コードページ 65001) では使用できない文字がファイルに含まれています。
C:\Programming\C++_2017\Chapter5_2017 - コピー\Chapter5_2017\Math.h(1,1): warning C4828: オフセット 0x35e から始まる、現在のソースの文字セット (コードページ 65001) では使用できない文字がファイルに含まれています。
C:\Programming\C++_2017\Chapter5_2017 - コピー\Chapter5_2017\Math.h(1,1): warning C4828: オフセット 0x360 から始まる、現在のソースの文字セット (コードページ 65001) では使用できない文字がファイルに含まれています。
C:\Programming\C++_2017\Chapter5_2017 - コピー\Chapter5_2017\Math.h(1,1): warning C4828: オフセット 0x361 から始まる、現在のソースの文字セット (コードページ 65001) では使用できない文字がファイルに含まれています。
C:\Programming\C++_2017\Chapter5_2017 - コピー\Chapter5_2017\Math.h(1,1): warning C4828: オフセット 0x365 から始まる、現在のソースの文字セット (コードページ 65001) では使用できない文字がファイルに含まれています。
C:\Programming\C++_2017\Chapter5_2017 - コピー\Chapter5_2017\Math.h(1,1): warning C4828: オフセット 0x366 から始まる、現在のソースの文字セット (コードページ 65001) では使用できない文字がファイルに含まれています。
C:\Programming\C++_2017\Chapter5_2017 - コピー\Chapter5_2017\Math.h(1,1): warning C4828: オフセット 0x367 から始まる、現在のソースの文字セット (コードページ 65001) では使用できない文字がファイルに含まれています。
C:\Programming\C++_2017\Chapter5_2017 - コピー\Chapter5_2017\Math.h(1,1): warning C4828: オフセット 0x368 から始まる、現在のソースの文字セット (コードページ 65001) では使用できない文字がファイルに含まれています。
C:\Programming\C++_2017\Chapter5_2017 - コピー\Chapter5_2017\Math.h(1,1): warning C4828: オフセット 0x36c から始まる、現在のソースの文字セット (コードページ 65001) では使用できない文字がファイルに含まれています。
C:\Programming\C++_2017\Chapter5_2017 - コピー\Chapter5_2017\Math.h(1,1): warning C4828: オフセット 0x36d から始まる、現在のソースの文字セット (コードページ 65001) では使用できない文字がファイルに含まれています。
C:\Programming\C++_2017\Chapter5_2017 - コピー\Chapter5_2017\Math.h(1,1): warning C4828: オフセット 0x36e から始まる、現在のソースの文字セット (コードページ 65001) では使用できない文字がファイルに含まれています。
C:\Programming\C++_2017\Chapter5_2017 - コピー\Chapter5_2017\Math.h(1,1): warning C4828: オフセット 0x36f から始まる、現在のソースの文字セット (コードページ 65001) では使用できない文字がファイルに含まれています。
C:\Programming\C++_2017\Chapter5_2017 - コピー\Chapter5_2017\Math.h(1,1): warning C4828: オフセット 0x370 から始まる、現在のソースの文字セット (コードページ 65001) では使用できない文字がファイルに含まれています。
C:\Programming\C++_2017\Chapter5_2017 - コピー\Chapter5_2017\Math.h(1,1): warning C4828: オフセット 0x371 から始まる、現在のソースの文字セット (コードページ 65001) では使用できない文字がファイルに含まれています。
C:\Programming\C++_2017\Chapter5_2017 - コピー\Chapter5_2017\Math.h(1,1): warning C4828: オフセット 0x372 から始まる、現在のソースの文字セット (コードページ 65001) では使用できない文字がファイルに含まれています。
C:\Programming\C++_2017\Chapter5_2017 - コピー\Chapter5_2017\Math.h(1,1): warning C4828: オフセット 0x375 から始まる、現在のソースの文字セット (コードページ 65001) では使用できない文字がファイルに含まれています。
C:\Programming\C++_2017\Chapter5_2017 - コピー\Chapter5_2017\Math.h(1,1): warning C4828: オフセット 0x376 から始まる、現在のソースの文字セット (コードページ 65001) では使用できない文字がファイルに含まれています。
C:\Programming\C++_2017\Chapter5_2017 - コピー\Chapter5_2017\Math.h(1,1): warning C4828: オフセット 0x379 から始まる、現在のソースの文字セット (コードページ 65001) では使用できない文字がファイルに含まれています。
C:\Programming\C++_2017\Chapter5_2017 - コピー\Chapter5_2017\Math.h(1,1): warning C4828: オフセット 0x37b から始まる、現在のソースの文字セット (コードページ 65001) では使用できない文字がファイルに含まれています。
C:\Programming\C++_2017\Chapter5_2017 - コピー\Chapter5_2017\Math.h(1,1): warning C4828: オフセット 0x37d から始まる、現在のソースの文字セット (コードページ 65001) では使用できない文字がファイルに含まれています。
C:\Programming\C++_2017\Chapter5_2017 - コピー\Chapter5_2017\Math.h(1,1): warning C4828: オフセット 0x381 から始まる、現在のソースの文字セット (コードページ 65001) では使用できない文字がファイルに含まれています。
C:\Programming\C++_2017\Chapter5_2017 - コピー\Chapter5_2017\Math.h(1,1): warning C4828: オフセット 0x382 から始まる、現在のソースの文字セット (コードページ 65001) では使用できない文字がファイルに含まれています。
C:\Programming\C++_2017\Chapter5_2017 - コピー\Chapter5_2017\Math.h(1,1): warning C4828: オフセット 0x383 から始まる、現在のソースの文字セット (コードページ 65001) では使用できない文字がファイルに含まれています。
C:\Programming\C++_2017\Chapter5_2017 - コピー\Chapter5_2017\Math.h(1,1): warning C4828: オフセット 0x386 から始まる、現在のソースの文字セット (コードページ 65001) では使用できない文字がファイルに含まれています。
C:\Programming\C++_2017\Chapter5_2017 - コピー\Chapter5_2017\Math.h(1,1): warning C4828: オフセット 0x387 から始まる、現在のソースの文字セット (コードページ 65001) では使用できない文字がファイルに含まれています。
C:\Programming\C++_2017\Chapter5_2017 - コピー\Chapter5_2017\Math.h(1,1): warning C4828: オフセット 0x38a から始まる、現在のソースの文字セット (コードページ 65001) では使用できない文字がファイルに含まれています。
C:\Programming\C++_2017\Chapter5_2017 - コピー\Chapter5_2017\Math.h(1,1): warning C4828: オフセット 0x38b から始まる、現在のソースの文字セット (コードページ 65001) では使用できない文字がファイルに含まれています。
C:\Programming\C++_2017\Chapter5_2017 - コピー\Chapter5_2017\Math.h(1,1): warning C4828: オフセット 0x38c から始まる、現在のソースの文字セット (コードページ 65001) では使用できない文字がファイルに含まれています。
C:\Programming\C++_2017\Chapter5_2017 - コピー\Chapter5_2017\Math.h(1,1): warning C4828: オフセット 0x38d から始まる、現在のソースの文字セット (コードページ 65001) では使用できない文字がファイルに含まれています。
C:\Programming\C++_2017\Chapter5_2017 - コピー\Chapter5_2017\Math.h(1,1): warning C4828: オフセット 0x38e から始まる、現在のソースの文字セット (コードページ 65001) では使用できない文字がファイルに含まれています。
C:\Programming\C++_2017\Chapter5_2017 - コピー\Chapter5_2017\Math.h(1,1): warning C4828: オフセット 0x38f から始まる、現在のソースの文字セット (コードページ 65001) では使用できない文字がファイルに含まれています。
C:\Programming\C++_2017\Chapter5_2017 - コピー\Chapter5_2017\Math.h(1,1): warning C4828: オフセット 0x390 から始まる、現在のソースの文字セット (コードページ 65001) では使用できない文字がファイルに含まれています。
C:\Programming\C++_2017\Chapter5_2017 - コピー\Chapter5_2017\Math.h(1,1): warning C4828: オフセット 0x393 から始まる、現在のソースの文字セット (コードページ 65001) では使用できない文字がファイルに含まれています。
C:\Programming\C++_2017\Chapter5_2017 - コピー\Chapter5_2017\Math.h(1,1): warning C4828: オフセット 0x394 から始まる、現在のソースの文字セット (コードページ 65001) では使用できない文字がファイルに含まれています。
C:\Programming\C++_2017\Chapter5_2017 - コピー\Chapter5_2017\Math.h(1,1): warning C4828: オフセット 0x395 から始まる、現在のソースの文字セット (コードページ 65001) では使用できない文字がファイルに含まれています。
C:\Programming\C++_2017\Chapter5_2017 - コピー\Chapter5_2017\Math.h(1,1): warning C4828: オフセット 0x396 から始まる、現在のソースの文字セット (コードページ 65001) では使用できない文字がファイルに含まれています。
C:\Programming\C++_2017\Chapter5_2017 - コピー\Chapter5_2017\Math.h(1,1): warning C4828: オフセット 0x714 から始まる、現在のソースの文字セット (コードページ 65001) では使用できない文字がファイルに含まれています。
C:\Programming\C++_2017\Chapter5_2017 - コピー\Chapter5_2017\Math.h(1,1): warning C4828: オフセット 0x715 から始まる、現在のソースの文字セット (コードページ 65001) では使用できない文字がファイルに含まれています。
C:\Programming\C++_2017\Chapter5_2017 - コピー\Chapter5_2017\Math.h(1,1): warning C4828: オフセット 0x718 から始まる、現在のソースの文字セット (コードページ 65001) では使用できない文字がファイルに含まれています。
C:\Programming\C++_2017\Chapter5_2017 - コピー\Chapter5_2017\Math.h(1,1): warning C4828: オフセット 0x719 から始まる、現在のソースの文字セット (コードページ 65001) では使用できない文字がファイルに含まれています。
C:\Programming\C++_2017\Chapter5_2017 - コピー\Chapter5_2017\Math.h(1,1): warning C4828: オフセット 0x71a から始まる、現在のソースの文字セット (コードページ 65001) では使用できない文字がファイルに含まれています。
C:\Programming\C++_2017\Chapter5_2017 - コピー\Chapter5_2017\Math.h(1,1): warning C4828: オフセット 0x71c から始まる、現在のソースの文字セット (コードページ 65001) では使用できない文字がファイルに含まれています。
C:\Programming\C++_2017\Chapter5_2017 - コピー\Chapter5_2017\Math.h(1,1): warning C4828: オフセット 0x71e から始まる、現在のソースの文字セット (コードページ 65001) では使用できない文字がファイルに含まれています。
C:\Programming\C++_2017\Chapter5_2017 - コピー\Chapter5_2017\Math.h(1,1): warning C4828: オフセット 0x722 から始まる、現在のソースの文字セット (コードページ 65001) では使用できない文字がファイルに含まれています。
C:\Programming\C++_2017\Chapter5_2017 - コピー\Chapter5_2017\Math.h(1,1): warning C4828: オフセット 0x724 から始まる、現在のソースの文字セット (コードページ 65001) では使用できない文字がファイルに含まれています。
C:\Programming\C++_2017\Chapter5_2017 - コピー\Chapter5_2017\Math.h(1,1): warning C4828: オフセット 0x726 から始まる、現在のソースの文字セット (コードページ 65001) では使用できない文字がファイルに含まれています。
C:\Programming\C++_2017\Chapter5_2017 - コピー\Chapter5_2017\Math.h(1,1): warning C4828: オフセット 0x728 から始まる、現在のソースの文字セット (コードページ 65001) では使用できない文字がファイルに含まれています。
C:\Programming\C++_2017\Chapter5_2017 - コピー\Chapter5_2017\Math.h(1,1): warning C4828: オフセット 0x729 から始まる、現在のソースの文字セット (コードページ 65001) では使用できない文字がファイルに含まれています。
C:\Programming\C++_2017\Chapter5_2017 - コピー\Chapter5_2017\Math.h(1,1): warning C4828: オフセット 0x72a から始まる、現在のソースの文字セット (コードページ 65001) では使用できない文字がファイルに含まれています。
C:\Programming\C++_2017\Chapter5_2017 - コピー\Chapter5_2017\Math.h(1,1): warning C4828: オフセット 0x72c から始まる、現在のソースの文字セット (コードページ 65001) では使用できない文字がファイルに含まれています。
C:\Programming\C++_2017\Chapter5_2017 - コピー\Chapter5_2017\Math.h(1,1): warning C4828: オフセット 0x72e から始まる、現在のソースの文字セット (コードページ 65001) では使用できない文字がファイルに含まれています。
C:\Programming\C++_2017\Chapter5_2017 - コピー\Chapter5_2017\Math.h(1,1): warning C4828: オフセット 0x731 から始まる、現在のソースの文字セット (コードページ 65001) では使用できない文字がファイルに含まれています。
C:\Programming\C++_2017\Chapter5_2017 - コピー\Chapter5_2017\Math.h(1,1): warning C4828: オフセット 0x732 から始まる、現在のソースの文字セット (コードページ 65001) では使用できない文字がファイルに含まれています。
C:\Programming\C++_2017\Chapter5_2017 - コピー\Chapter5_2017\Math.h(1,1): warning C4828: オフセット 0x736 から始まる、現在のソースの文字セット (コードページ 65001) では使用できない文字がファイルに含まれています。
C:\Programming\C++_2017\Chapter5_2017 - コピー\Chapter5_2017\Math.h(1,1): warning C4828: オフセット 0x737 から始まる、現在のソースの文字セット (コードページ 65001) では使用できない文字がファイルに含まれています。
C:\Programming\C++_2017\Chapter5_2017 - コピー\Chapter5_2017\Math.h(1,1): warning C4828: オフセット 0x738 から始まる、現在のソースの文字セット (コードページ 65001) では使用できない文字がファイルに含まれています。
C:\Programming\C++_2017\Chapter5_2017 - コピー\Chapter5_2017\Math.h(1,1): warning C4828: オフセット 0x73a から始まる、現在のソースの文字セット (コードページ 65001) では使用できない文字がファイルに含まれています。
C:\Programming\C++_2017\Chapter5_2017 - コピー\Chapter5_2017\Math.h(1,1): warning C4828: オフセット 0x73d から始まる、現在のソースの文字セット (コードページ 65001) では使用できない文字がファイルに含まれています。
C:\Programming\C++_2017\Chapter5_2017 - コピー\Chapter5_2017\Math.h(1,1): warning C4828: オフセット 0x73e から始まる、現在のソースの文字セット (コードページ 65001) では使用できない文字がファイルに含まれています。
C:\Programming\C++_2017\Chapter5_2017 - コピー\Chapter5_2017\Math.h(1,1): warning C4828: オフセット 0x741 から始まる、現在のソースの文字セット (コードページ 65001) では使用できない文字がファイルに含まれています。
C:\Programming\C++_2017\Chapter5_2017 - コピー\Chapter5_2017\Math.h(1,1): warning C4828: オフセット 0x745 から始まる、現在のソースの文字セット (コードページ 65001) では使用できない文字がファイルに含まれています。
C:\Programming\C++_2017\Chapter5_2017 - コピー\Chapter5_2017\Math.h(1,1): warning C4828: オフセット 0x746 から始まる、現在のソースの文字セット (コードページ 65001) では使用できない文字がファイルに含まれています。
C:\Programming\C++_2017\Chapter5_2017 - コピー\Chapter5_2017\Math.h(1,1): warning C4828: オフセット 0x748 から始まる、現在のソースの文字セット (コードページ 65001) では使用できない文字がファイルに含まれています。
C:\Programming\C++_2017\Chapter5_2017 - コピー\Chapter5_2017\Math.h(1,1): warning C4828: オフセット 0x74a から始まる、現在のソースの文字セット (コードページ 65001) では使用できない文字がファイルに含まれています。
C:\Programming\C++_2017\Chapter5_2017 - コピー\Chapter5_2017\Math.h(1,1): warning C4828: オフセット 0x74b から始まる、現在のソースの文字セット (コードページ 65001) では使用できない文字がファイルに含まれています。
C:\Programming\C++_2017\Chapter5_2017 - コピー\Chapter5_2017\Math.h(1,1): warning C4828: オフセット 0x74c から始まる、現在のソースの文字セット (コードページ 65001) では使用できない文字がファイルに含まれています。
C:\Programming\C++_2017\Chapter5_2017 - コピー\Chapter5_2017\Math.h(1,1): warning C4828: オフセット 0x74d から始まる、現在のソースの文字セット (コードページ 65001) では使用できない文字がファイルに含まれています。
C:\Programming\C++_2017\Chapter5_2017 - コピー\Chapter5_2017\Math.h(1,1): warning C4828: オフセット 0x74e から始まる、現在のソースの文字セット (コードページ 65001) では使用できない文字がファイルに含まれています。
C:\Programming\C++_2017\Chapter5_2017 - コピー\Chapter5_2017\Math.h(1,1): warning C4828: オフセット 0x752 から始まる、現在のソースの文字セット (コードページ 65001) では使用できない文字がファイルに含まれています。
C:\Programming\C++_2017\Chapter5_2017 - コピー\Chapter5_2017\Math.h(1,1): warning C4828: オフセット 0x753 から始まる、現在のソースの文字セット (コードページ 65001) では使用できない文字がファイルに含まれています。
C:\Programming\C++_2017\Chapter5_2017 - コピー\Chapter5_2017\Math.h(1,1): warning C4828: オフセット 0x757 から始まる、現在のソースの文字セット (コードページ 65001) では使用できない文字がファイルに含まれています。
C:\Programming\C++_2017\Chapter5_2017 - コピー\Chapter5_2017\Math.h(1,1): warning C4828: オフセット 0x758 から始まる、現在のソースの文字セット (コードページ 65001) では使用できない文字がファイルに含まれています。
C:\Programming\C++_2017\Chapter5_2017 - コピー\Chapter5_2017\Math.h(1,1): warning C4828: オフセット 0x75c から始まる、現在のソースの文字セット (コードページ 65001) では使用できない文字がファイルに含まれています。
C:\Programming\C++_2017\Chapter5_2017 - コピー\Chapter5_2017\Math.h(1,1): warning C4828: オフセット 0x75d から始まる、現在のソースの文字セット (コードページ 65001) では使用できない文字がファイルに含まれています。
C:\Programming\C++_2017\Chapter5_2017 - コピー\Chapter5_2017\Math.h(1,1): warning C4828: オフセット 0x75e から始まる、現在のソースの文字セット (コードページ 65001) では使用できない文字がファイルに含まれています。
C:\Programming\C++_2017\Chapter5_2017 - コピー\Chapter5_2017\Math.h(1,1): warning C4828: オフセット 0x765 から始まる、現在のソースの文字セット (コードページ 65001) では使用できない文字がファイルに含まれています。
C:\Programming\C++_2017\Chapter5_2017 - コピー\Chapter5_2017\Math.h(1,1): warning C4828: オフセット 0x769 から始まる、現在のソースの文字セット (コードページ 65001) では使用できない文字がファイルに含まれています。
C:\Programming\C++_2017\Chapter5_2017 - コピー\Chapter5_2017\Math.h(1,1): warning C4828: オフセット 0x76d から始まる、現在のソースの文字セット (コードページ 65001) では使用できない文字がファイルに含まれています。
C:\Programming\C++_2017\Chapter5_2017 - コピー\Chapter5_2017\Shader.h(1,1): warning C4828: オフセット 0x7f から始まる、現在のソースの文字セット (コードページ 65001) では使用できない文字がファイルに含まれています。
C:\Programming\C++_2017\Chapter5_2017 - コピー\Chapter5_2017\Shader.h(1,1): warning C4828: オフセット 0x81 から始まる、現在のソースの文字セット (コードページ 65001) では使用できない文字がファイルに含まれています。
C:\Programming\C++_2017\Chapter5_2017 - コピー\Chapter5_2017\Shader.h(1,1): warning C4828: オフセット 0x85 から始まる、現在のソースの文字セット (コードページ 65001) では使用できない文字がファイルに含まれています。
C:\Programming\C++_2017\Chapter5_2017 - コピー\Chapter5_2017\Shader.h(1,1): warning C4828: オフセット 0x89 から始まる、現在のソースの文字セット (コードページ 65001) では使用できない文字がファイルに含まれています。
C:\Programming\C++_2017\Chapter5_2017 - コピー\Chapter5_2017\Shader.h(1,1): warning C4828: オフセット 0x8a から始まる、現在のソースの文字セット (コードページ 65001) では使用できない文字がファイルに含まれています。
C:\Programming\C++_2017\Chapter5_2017 - コピー\Chapter5_2017\Shader.h(1,1): warning C4828: オフセット 0x8b から始まる、現在のソースの文字セット (コードページ 65001) では使用できない文字がファイルに含まれています。
C:\Programming\C++_2017\Chapter5_2017 - コピー\Chapter5_2017\Shader.h(1,1): warning C4828: オフセット 0x8d から始まる、現在のソースの文字セット (コードページ 65001) では使用できない文字がファイルに含まれています。
C:\Programming\C++_2017\Chapter5_2017 - コピー\Chapter5_2017\Shader.h(1,1): warning C4828: オフセット 0x90 から始まる、現在のソースの文字セット (コードページ 65001) では使用できない文字がファイルに含まれています。
C:\Programming\C++_2017\Chapter5_2017 - コピー\Chapter5_2017\Shader.h(1,1): warning C4828: オフセット 0x91 から始まる、現在のソースの文字セット (コードページ 65001) では使用できない文字がファイルに含まれています。
C:\Programming\C++_2017\Chapter5_2017 - コピー\Chapter5_2017\Shader.h(1,1): warning C4828: オフセット 0x94 から始まる、現在のソースの文字セット (コードページ 65001) では使用できない文字がファイルに含まれています。
C:\Programming\C++_2017\Chapter5_2017 - コピー\Chapter5_2017\Shader.h(1,1): warning C4828: オフセット 0x96 から始まる、現在のソースの文字セット (コードページ 65001) では使用できない文字がファイルに含まれています。
C:\Programming\C++_2017\Chapter5_2017 - コピー\Chapter5_2017\Shader.h(1,1): warning C4828: オフセット 0x97 から始まる、現在のソースの文字セット (コードページ 65001) では使用できない文字がファイルに含まれています。
C:\Programming\C++_2017\Chapter5_2017 - コピー\Chapter5_2017\Shader.h(1,1): warning C4828: オフセット 0x98 から始まる、現在のソースの文字セット (コードページ 65001) では使用できない文字がファイルに含まれています。
C:\Programming\C++_2017\Chapter5_2017 - コピー\Chapter5_2017\Shader.h(1,1): warning C4828: オフセット 0x9a から始まる、現在のソースの文字セット (コードページ 65001) では使用できない文字がファイルに含まれています。
C:\Programming\C++_2017\Chapter5_2017 - コピー\Chapter5_2017\Shader.h(1,1): warning C4828: オフセット 0x9b から始まる、現在のソースの文字セット (コードページ 65001) では使用できない文字がファイルに含まれています。
C:\Programming\C++_2017\Chapter5_2017 - コピー\Chapter5_2017\Shader.h(1,1): warning C4828: オフセット 0x9c から始まる、現在のソースの文字セット (コードページ 65001) では使用できない文字がファイルに含まれています。
C:\Programming\C++_2017\Chapter5_2017 - コピー\Chapter5_2017\Shader.h(1,1): warning C4828: オフセット 0x9d から始まる、現在のソースの文字セット (コードページ 65001) では使用できない文字がファイルに含まれています。
C:\Programming\C++_2017\Chapter5_2017 - コピー\Chapter5_2017\Shader.h(1,1): warning C4828: オフセット 0x9e から始まる、現在のソースの文字セット (コードページ 65001) では使用できない文字がファイルに含まれています。
C:\Programming\C++_2017\Chapter5_2017 - コピー\Chapter5_2017\Shader.h(1,1): warning C4828: オフセット 0xa0 から始まる、現在のソースの文字セット (コードページ 65001) では使用できない文字がファイルに含まれています。
C:\Programming\C++_2017\Chapter5_2017 - コピー\Chapter5_2017\Shader.h(1,1): warning C4828: オフセット 0xa2 から始まる、現在のソースの文字セット (コードページ 65001) では使用できない文字がファイルに含まれています。
C:\Programming\C++_2017\Chapter5_2017 - コピー\Chapter5_2017\Shader.h(1,1): warning C4828: オフセット 0xa4 から始まる、現在のソースの文字セット (コードページ 65001) では使用できない文字がファイルに含まれています。
C:\Programming\C++_2017\Chapter5_2017 - コピー\Chapter5_2017\Shader.h(1,1): warning C4828: オフセット 0xa6 から始まる、現在のソースの文字セット (コードページ 65001) では使用できない文字がファイルに含まれています。
C:\Programming\C++_2017\Chapter5_2017 - コピー\Chapter5_2017\Shader.h(1,1): warning C4828: オフセット 0xa8 から始まる、現在のソースの文字セット (コードページ 65001) では使用できない文字がファイルに含まれています。
C:\Programming\C++_2017\Chapter5_2017 - コピー\Chapter5_2017\Shader.h(1,1): warning C4828: オフセット 0xaa から始まる、現在のソースの文字セット (コードページ 65001) では使用できない文字がファイルに含まれています。
C:\Programming\C++_2017\Chapter5_2017 - コピー\Chapter5_2017\Shader.h(1,1): warning C4828: オフセット 0xab から始まる、現在のソースの文字セット (コードページ 65001) では使用できない文字がファイルに含まれています。
C:\Programming\C++_2017\Chapter5_2017 - コピー\Chapter5_2017\Shader.h(1,1): warning C4828: オフセット 0xb1 から始まる、現在のソースの文字セット (コードページ 65001) では使用できない文字がファイルに含まれています。
C:\Programming\C++_2017\Chapter5_2017 - コピー\Chapter5_2017\Shader.h(1,1): warning C4828: オフセット 0xb2 から始まる、現在のソースの文字セット (コードページ 65001) では使用できない文字がファイルに含まれています。
C:\Programming\C++_2017\Chapter5_2017 - コピー\Chapter5_2017\Shader.h(1,1): warning C4828: オフセット 0xb3 から始まる、現在のソースの文字セット (コードページ 65001) では使用できない文字がファイルに含まれています。
C:\Programming\C++_2017\Chapter5_2017 - コピー\Chapter5_2017\Shader.h(1,1): warning C4828: オフセット 0x174 から始まる、現在のソースの文字セット (コードページ 65001) では使用できない文字がファイルに含まれています。
C:\Programming\C++_2017\Chapter5_2017 - コピー\Chapter5_2017\Shader.h(1,1): warning C4828: オフセット 0x176 から始まる、現在のソースの文字セット (コードページ 65001) では使用できない文字がファイルに含まれています。
C:\Programming\C++_2017\Chapter5_2017 - コピー\Chapter5_2017\Shader.h(1,1): warning C4828: オフセット 0x178 から始まる、現在のソースの文字セット (コードページ 65001) では使用できない文字がファイルに含まれています。
C:\Programming\C++_2017\Chapter5_2017 - コピー\Chapter5_2017\Shader.h(1,1): warning C4828: オフセット 0x17a から始まる、現在のソースの文字セット (コードページ 65001) では使用できない文字がファイルに含まれています。
C:\Programming\C++_2017\Chapter5_2017 - コピー\Chapter5_2017\Shader.h(1,1): warning C4828: オフセット 0x17c から始まる、現在のソースの文字セット (コードページ 65001) では使用できない文字がファイルに含まれています。
C:\Programming\C++_2017\Chapter5_2017 - コピー\Chapter5_2017\Shader.h(1,1): warning C4828: オフセット 0x17e から始まる、現在のソースの文字セット (コードページ 65001) では使用できない文字がファイルに含まれています。
C:\Programming\C++_2017\Chapter5_2017 - コピー\Chapter5_2017\Shader.h(1,1): warning C4828: オフセット 0x17f から始まる、現在のソースの文字セット (コードページ 65001) では使用できない文字がファイルに含まれています。
C:\Programming\C++_2017\Chapter5_2017 - コピー\Chapter5_2017\Shader.h(1,1): warning C4828: オフセット 0x183 から始まる、現在のソースの文字セット (コードページ 65001) では使用できない文字がファイルに含まれています。
C:\Programming\C++_2017\Chapter5_2017 - コピー\Chapter5_2017\Shader.h(1,1): warning C4828: オフセット 0x184 から始まる、現在のソースの文字セット (コードページ 65001) では使用できない文字がファイルに含まれています。
C:\Programming\C++_2017\Chapter5_2017 - コピー\Chapter5_2017\Shader.h(1,1): warning C4828: オフセット 0x186 から始まる、現在のソースの文字セット (コードページ 65001) では使用できない文字がファイルに含まれています。
C:\Programming\C++_2017\Chapter5_2017 - コピー\Chapter5_2017\Shader.h(1,1): warning C4828: オフセット 0x188 から始まる、現在のソースの文字セット (コードページ 65001) では使用できない文字がファイルに含まれています。
C:\Programming\C++_2017\Chapter5_2017 - コピー\Chapter5_2017\Shader.h(1,1): warning C4828: オフセット 0x189 から始まる、現在のソースの文字セット (コードページ 65001) では使用できない文字がファイルに含まれています。
C:\Programming\C++_2017\Chapter5_2017 - コピー\Chapter5_2017\Shader.h(1,1): warning C4828: オフセット 0x18a から始まる、現在のソースの文字セット (コードページ 65001) では使用できない文字がファイルに含まれています。
C:\Programming\C++_2017\Chapter5_2017 - コピー\Chapter5_2017\Shader.h(1,1): warning C4828: オフセット 0x18b から始まる、現在のソースの文字セット (コードページ 65001) では使用できない文字がファイルに含まれています。
C:\Programming\C++_2017\Chapter5_2017 - コピー\Chapter5_2017\Shader.h(1,1): warning C4828: オフセット 0x18c から始まる、現在のソースの文字セット (コードページ 65001) では使用できない文字がファイルに含まれています。
C:\Programming\C++_2017\Chapter5_2017 - コピー\Chapter5_2017\Shader.h(1,1): warning C4828: オフセット 0x18d から始まる、現在のソースの文字セット (コードページ 65001) では使用できない文字がファイルに含まれています。
C:\Programming\C++_2017\Chapter5_2017 - コピー\Chapter5_2017\Shader.h(1,1): warning C4828: オフセット 0x1ec から始まる、現在のソースの文字セット (コードページ 65001) では使用できない文字がファイルに含まれています。
C:\Programming\C++_2017\Chapter5_2017 - コピー\Chapter5_2017\Shader.h(1,1): warning C4828: オフセット 0x1ee から始まる、現在のソースの文字セット (コードページ 65001) では使用できない文字がファイルに含まれています。
C:\Programming\C++_2017\Chapter5_2017 - コピー\Chapter5_2017\Shader.h(1,1): warning C4828: オフセット 0x1f0 から始まる、現在のソースの文字セット (コードページ 65001) では使用できない文字がファイルに含まれています。
C:\Programming\C++_2017\Chapter5_2017 - コピー\Chapter5_2017\Shader.h(1,1): warning C4828: オフセット 0x1f2 から始まる、現在のソースの文字セット (コードページ 65001) では使用できない文字がファイルに含まれています。
C:\Programming\C++_2017\Chapter5_2017 - コピー\Chapter5_2017\Shader.h(1,1): warning C4828: オフセット 0x1f4 から始まる、現在のソースの文字セット (コードページ 65001) では使用できない文字がファイルに含まれています。
C:\Programming\C++_2017\Chapter5_2017 - コピー\Chapter5_2017\Shader.h(1,1): warning C4828: オフセット 0x1f6 から始まる、現在のソースの文字セット (コードページ 65001) では使用できない文字がファイルに含まれています。
C:\Programming\C++_2017\Chapter5_2017 - コピー\Chapter5_2017\Shader.h(1,1): warning C4828: オフセット 0x1fa から始まる、現在のソースの文字セット (コードページ 65001) では使用できない文字がファイルに含まれています。
C:\Programming\C++_2017\Chapter5_2017 - コピー\Chapter5_2017\Shader.h(1,1): warning C4828: オフセット 0x1fb から始まる、現在のソースの文字セット (コードページ 65001) では使用できない文字がファイルに含まれています。
C:\Programming\C++_2017\Chapter5_2017 - コピー\Chapter5_2017\Shader.h(1,1): warning C4828: オフセット 0x1fc から始まる、現在のソースの文字セット (コードページ 65001) では使用できない文字がファイルに含まれています。
C:\Programming\C++_2017\Chapter5_2017 - コピー\Chapter5_2017\Shader.h(1,1): warning C4828: オフセット 0x1fe から始まる、現在のソースの文字セット (コードページ 65001) では使用できない文字がファイルに含まれています。
C:\Programming\C++_2017\Chapter5_2017 - コピー\Chapter5_2017\Shader.h(1,1): warning C4828: オフセット 0x200 から始まる、現在のソースの文字セット (コードページ 65001) では使用できない文字がファイルに含まれています。
C:\Programming\C++_2017\Chapter5_2017 - コピー\Chapter5_2017\Shader.h(1,1): warning C4828: オフセット 0x201 から始まる、現在のソースの文字セット (コードページ 65001) では使用できない文字がファイルに含まれています。
C:\Programming\C++_2017\Chapter5_2017 - コピー\Chapter5_2017\Shader.h(1,1): warning C4828: オフセット 0x202 から始まる、現在のソースの文字セット (コードページ 65001) では使用できない文字がファイルに含まれています。
C:\Programming\C++_2017\Chapter5_2017 - コピー\Chapter5_2017\Shader.h(1,1): warning C4828: オフセット 0x205 から始まる、現在のソースの文字セット (コードページ 65001) では使用できない文字がファイルに含まれています。
C:\Programming\C++_2017\Chapter5_2017 - コピー\Chapter5_2017\Shader.h(1,1): warning C4828: オフセット 0x206 から始まる、現在のソースの文字セット (コードページ 65001) では使用できない文字がファイルに含まれています。
C:\Programming\C++_2017\Chapter5_2017 - コピー\Chapter5_2017\Shader.h(1,1): warning C4828: オフセット 0x207 から始まる、現在のソースの文字セット (コードページ 65001) では使用できない文字がファイルに含まれています。
C:\Programming\C++_2017\Chapter5_2017 - コピー\Chapter5_2017\Shader.h(1,1): warning C4828: オフセット 0x20b から始まる、現在のソースの文字セット (コードページ 65001) では使用できない文字がファイルに含まれています。
C:\Programming\C++_2017\Chapter5_2017 - コピー\Chapter5_2017\Shader.h(1,1): warning C4828: オフセット 0x20c から始まる、現在のソースの文字セット (コードページ 65001) では使用できない文字がファイルに含まれています。
C:\Programming\C++_2017\Chapter5_2017 - コピー\Chapter5_2017\Shader.h(1,1): warning C4828: オフセット 0x20d から始まる、現在のソースの文字セット (コードページ 65001) では使用できない文字がファイルに含まれています。
C:\Programming\C++_2017\Chapter5_2017 - コピー\Chapter5_2017\Shader.h(1,1): warning C4828: オフセット 0x20e から始まる、現在のソースの文字セット (コードページ 65001) では使用できない文字がファイルに含まれています。
C:\Programming\C++_2017\Chapter5_2017 - コピー\Chapter5_2017\Shader.h(1,1): warning C4828: オフセット 0x211 から始まる、現在のソースの文字セット (コードページ 65001) では使用できない文字がファイルに含まれています。
C:\Programming\C++_2017\Chapter5_2017 - コピー\Chapter5_2017\Shader.h(1,1): warning C4828: オフセット 0x212 から始まる、現在のソースの文字セット (コードページ 65001) では使用できない文字がファイルに含まれています。
C:\Programming\C++_2017\Chapter5_2017 - コピー\Chapter5_2017\Shader.h(1,1): warning C4828: オフセット 0x213 から始まる、現在のソースの文字セット (コードページ 65001) では使用できない文字がファイルに含まれています。
C:\Programming\C++_2017\Chapter5_2017 - コピー\Chapter5_2017\Shader.h(1,1): warning C4828: オフセット 0x214 から始まる、現在のソースの文字セット (コードページ 65001) では使用できない文字がファイルに含まれています。
C:\Programming\C++_2017\Chapter5_2017 - コピー\Chapter5_2017\Shader.h(1,1): warning C4828: オフセット 0x217 から始まる、現在のソースの文字セット (コードページ 65001) では使用できない文字がファイルに含まれています。
C:\Programming\C++_2017\Chapter5_2017 - コピー\Chapter5_2017\Shader.h(1,1): warning C4828: オフセット 0x218 から始まる、現在のソースの文字セット (コードページ 65001) では使用できない文字がファイルに含まれています。
C:\Programming\C++_2017\Chapter5_2017 - コピー\Chapter5_2017\Shader.h(1,1): warning C4828: オフセット 0x219 から始まる、現在のソースの文字セット (コードページ 65001) では使用できない文字がファイルに含まれています。
C:\Programming\C++_2017\Chapter5_2017 - コピー\Chapter5_2017\Shader.h(1,1): warning C4828: オフセット 0x241 から始まる、現在のソースの文字セット (コードページ 65001) では使用できない文字がファイルに含まれています。
C:\Programming\C++_2017\Chapter5_2017 - コピー\Chapter5_2017\Shader.h(1,1): warning C4828: オフセット 0x242 から始まる、現在のソースの文字セット (コードページ 65001) では使用できない文字がファイルに含まれています。
C:\Programming\C++_2017\Chapter5_2017 - コピー\Chapter5_2017\Shader.h(1,1): warning C4828: オフセット 0x243 から始まる、現在のソースの文字セット (コードページ 65001) では使用できない文字がファイルに含まれています。
C:\Programming\C++_2017\Chapter5_2017 - コピー\Chapter5_2017\Shader.h(1,1): warning C4828: オフセット 0x246 から始まる、現在のソースの文字セット (コードページ 65001) では使用できない文字がファイルに含まれています。
C:\Programming\C++_2017\Chapter5_2017 - コピー\Chapter5_2017\Shader.h(1,1): warning C4828: オフセット 0x248 から始まる、現在のソースの文字セット (コードページ 65001) では使用できない文字がファイルに含まれています。
C:\Programming\C++_2017\Chapter5_2017 - コピー\Chapter5_2017\Shader.h(1,1): warning C4828: オフセット 0x249 から始まる、現在のソースの文字セット (コードページ 65001) では使用できない文字がファイルに含まれています。
C:\Programming\C++_2017\Chapter5_2017 - コピー\Chapter5_2017\Shader.h(1,1): warning C4828: オフセット 0x24a から始まる、現在のソースの文字セット (コードページ 65001) では使用できない文字がファイルに含まれています。
C:\Programming\C++_2017\Chapter5_2017 - コピー\Chapter5_2017\Shader.h(1,1): warning C4828: オフセット 0x24c から始まる、現在のソースの文字セット (コードページ 65001) では使用できない文字がファイルに含まれています。
C:\Programming\C++_2017\Chapter5_2017 - コピー\Chapter5_2017\Shader.h(1,1): warning C4828: オフセット 0x24d から始まる、現在のソースの文字セット (コードページ 65001) では使用できない文字がファイルに含まれています。
C:\Programming\C++_2017\Chapter5_2017 - コピー\Chapter5_2017\Shader.h(1,1): warning C4828: オフセット 0x24e から始まる、現在のソースの文字セット (コードページ 65001) では使用できない文字がファイルに含まれています。
C:\Programming\C++_2017\Chapter5_2017 - コピー\Chapter5_2017\Shader.h(1,1): warning C4828: オフセット 0x24f から始まる、現在のソースの文字セット (コードページ 65001) では使用できない文字がファイルに含まれています。
C:\Programming\C++_2017\Chapter5_2017 - コピー\Chapter5_2017\Shader.h(1,1): warning C4828: オフセット 0x250 から始まる、現在のソースの文字セット (コードページ 65001) では使用できない文字がファイルに含まれています。
C:\Programming\C++_2017\Chapter5_2017 - コピー\Chapter5_2017\Shader.h(1,1): warning C4828: オフセット 0x252 から始まる、現在のソースの文字セット (コードページ 65001) では使用できない文字がファイルに含まれています。
C:\Programming\C++_2017\Chapter5_2017 - コピー\Chapter5_2017\Shader.h(1,1): warning C4828: オフセット 0x254 から始まる、現在のソースの文字セット (コードページ 65001) では使用できない文字がファイルに含まれています。
C:\Programming\C++_2017\Chapter5_2017 - コピー\Chapter5_2017\Shader.h(1,1): warning C4828: オフセット 0x255 から始まる、現在のソースの文字セット (コードページ 65001) では使用できない文字がファイルに含まれています。
C:\Programming\C++_2017\Chapter5_2017 - コピー\Chapter5_2017\Shader.h(1,1): warning C4828: オフセット 0x256 から始まる、現在のソースの文字セット (コードページ 65001) では使用できない文字がファイルに含まれています。
C:\Programming\C++_2017\Chapter5_2017 - コピー\Chapter5_2017\Shader.h(1,1): warning C4828: オフセット 0x258 から始まる、現在のソースの文字セット (コードページ 65001) では使用できない文字がファイルに含まれています。
C:\Programming\C++_2017\Chapter5_2017 - コピー\Chapter5_2017\Shader.h(1,1): warning C4828: オフセット 0x259 から始まる、現在のソースの文字セット (コードページ 65001) では使用できない文字がファイルに含まれています。
C:\Programming\C++_2017\Chapter5_2017 - コピー\Chapter5_2017\Shader.h(1,1): warning C4828: オフセット 0x25a から始まる、現在のソースの文字セット (コードページ 65001) では使用できない文字がファイルに含まれています。
C:\Programming\C++_2017\Chapter5_2017 - コピー\Chapter5_2017\Shader.h(1,1): warning C4828: オフセット 0x25b から始まる、現在のソースの文字セット (コードページ 65001) では使用できない文字がファイルに含まれています。
C:\Programming\C++_2017\Chapter5_2017 - コピー\Chapter5_2017\Shader.h(1,1): warning C4828: オフセット 0x25c から始まる、現在のソースの文字セット (コードページ 65001) では使用できない文字がファイルに含まれています。
C:\Programming\C++_2017\Chapter5_2017 - コピー\Chapter5_2017\Shader.h(1,1): warning C4828: オフセット 0x25f から始まる、現在のソースの文字セット (コードページ 65001) では使用できない文字がファイルに含まれています。
C:\Programming\C++_2017\Chapter5_2017 - コピー\Chapter5_2017\Shader.h(1,1): warning C4828: オフセット 0x260 から始まる、現在のソースの文字セット (コードページ 65001) では使用できない文字がファイルに含まれています。
C:\Programming\C++_2017\Chapter5_2017 - コピー\Chapter5_2017\Shader.h(1,1): warning C4828: オフセット 0x261 から始まる、現在のソースの文字セット (コードページ 65001) では使用できない文字がファイルに含まれています。
C:\Programming\C++_2017\Chapter5_2017 - コピー\Chapter5_2017\Shader.h(1,1): warning C4828: オフセット 0x262 から始まる、現在のソースの文字セット (コードページ 65001) では使用できない文字がファイルに含まれています。
C:\Programming\C++_2017\Chapter5_2017 - コピー\Chapter5_2017\Shader.h(1,1): warning C4828: オフセット 0x264 から始まる、現在のソースの文字セット (コードページ 65001) では使用できない文字がファイルに含まれています。
C:\Programming\C++_2017\Chapter5_2017 - コピー\Chapter5_2017\Shader.h(1,1): warning C4828: オフセット 0x265 から始まる、現在のソースの文字セット (コードページ 65001) では使用できない文字がファイルに含まれています。
C:\Programming\C++_2017\Chapter5_2017 - コピー\Chapter5_2017\Shader.h(1,1): warning C4828: オフセット 0x288 から始まる、現在のソースの文字セット (コードページ 65001) では使用できない文字がファイルに含まれています。
C:\Programming\C++_2017\Chapter5_2017 - コピー\Chapter5_2017\Shader.h(1,1): warning C4828: オフセット 0x28a から始まる、現在のソースの文字セット (コードページ 65001) では使用できない文字がファイルに含まれています。
C:\Programming\C++_2017\Chapter5_2017 - コピー\Chapter5_2017\Shader.h(1,1): warning C4828: オフセット 0x28c から始まる、現在のソースの文字セット (コードページ 65001) では使用できない文字がファイルに含まれています。
C:\Programming\C++_2017\Chapter5_2017 - コピー\Chapter5_2017\Shader.h(1,1): warning C4828: オフセット 0x28e から始まる、現在のソースの文字セット (コードページ 65001) では使用できない文字がファイルに含まれています。
C:\Programming\C++_2017\Chapter5_2017 - コピー\Chapter5_2017\Shader.h(1,1): warning C4828: オフセット 0x290 から始まる、現在のソースの文字セット (コードページ 65001) では使用できない文字がファイルに含まれています。
C:\Programming\C++_2017\Chapter5_2017 - コピー\Chapter5_2017\Shader.h(1,1): warning C4828: オフセット 0x292 から始まる、現在のソースの文字セット (コードページ 65001) では使用できない文字がファイルに含まれています。
C:\Programming\C++_2017\Chapter5_2017 - コピー\Chapter5_2017\Shader.h(1,1): warning C4828: オフセット 0x294 から始まる、現在のソースの文字セット (コードページ 65001) では使用できない文字がファイルに含まれています。
C:\Programming\C++_2017\Chapter5_2017 - コピー\Chapter5_2017\Shader.h(1,1): warning C4828: オフセット 0x296 から始まる、現在のソースの文字セット (コードページ 65001) では使用できない文字がファイルに含まれています。
C:\Programming\C++_2017\Chapter5_2017 - コピー\Chapter5_2017\Shader.h(1,1): warning C4828: オフセット 0x298 から始まる、現在のソースの文字セット (コードページ 65001) では使用できない文字がファイルに含まれています。
C:\Programming\C++_2017\Chapter5_2017 - コピー\Chapter5_2017\Shader.h(1,1): warning C4828: オフセット 0x29a から始まる、現在のソースの文字セット (コードページ 65001) では使用できない文字がファイルに含まれています。
C:\Programming\C++_2017\Chapter5_2017 - コピー\Chapter5_2017\Shader.h(1,1): warning C4828: オフセット 0x29c から始まる、現在のソースの文字セット (コードページ 65001) では使用できない文字がファイルに含まれています。
C:\Programming\C++_2017\Chapter5_2017 - コピー\Chapter5_2017\Shader.h(1,1): warning C4828: オフセット 0x29e から始まる、現在のソースの文字セット (コードページ 65001) では使用できない文字がファイルに含まれています。
C:\Programming\C++_2017\Chapter5_2017 - コピー\Chapter5_2017\Shader.h(1,1): warning C4828: オフセット 0x29f から始まる、現在のソースの文字セット (コードページ 65001) では使用できない文字がファイルに含まれています。
C:\Programming\C++_2017\Chapter5_2017 - コピー\Chapter5_2017\Shader.h(1,1): warning C4828: オフセット 0x2a2 から始まる、現在のソースの文字セット (コードページ 65001) では使用できない文字がファイルに含まれています。
C:\Programming\C++_2017\Chapter5_2017 - コピー\Chapter5_2017\Shader.h(1,1): warning C4828: オフセット 0x2a3 から始まる、現在のソースの文字セット (コードページ 65001) では使用できない文字がファイルに含まれています。
  Chapter5_2017.vcxproj -> C:\Programming\C++_2017\Chapter5_2017 - コピー\Debug\Chapter5_2017.exe
